<?xml version="1.0" encoding="UTF-8"?>
<Site BuildName="(empty)"
	BuildStamp="20240926-0116-Experimental"
	Name="labMGJSX0"
	Generator="ctest-3.22.1"
	CompilerName="/usr/bin/c++"
	CompilerVersion="11.4.0"
	OSName="Linux"
	Hostname="labMGJSX0"
	OSRelease="6.5.0-1025-azure"
	OSVersion="#26~22.04.1-Ubuntu SMP Thu Jul 11 22:33:04 UTC 2024"
	OSPlatform="x86_64"
	Is64Bits="1"
	VendorString="GenuineIntel"
	VendorID="Intel Corporation"
	FamilyID="6"
	ModelID="85"
	ProcessorCacheSize="33792"
	NumberOfLogicalCPU="8"
	NumberOfPhysicalCPU="4"
	TotalVirtualMemory="0"
	TotalPhysicalMemory="15979"
	LogicalProcessorsPerPhysical="2"
	ProcessorClockFrequency="2693.83"
	>
	<Testing>
		<StartDateTime>Sep 26 01:16 UTC</StartDateTime>
		<StartTestTime>1727313367</StartTestTime>
		<TestList/>
		<EndDateTime>Sep 26 01:16 UTC</EndDateTime>
		<EndTestTime>1727313367</EndTestTime>
		<ElapsedMinutes>0</ElapsedMinutes>
	</Testing>
</Site>
